<?xml version="1.0" encoding="UTF-8" ?>
<testsuite tests="13" failures="5" name="TestSuite" time="138.008" errors="0" skipped="0">
  <properties>
[...]
</properties>
  <testcase classname="com.proofhub.testcases.HomePageTest" name="validateHomePageAfterLogin" time="1.62"/>
  <testcase classname="com.proofhub.testcases.PasswordPageTest" name="verifyLoginButtonOnPasswordPageTest" time="21.302">
    <failure message="Expected condition failed: waiting for invisibility of [[ChromeDriver: chrome on WINDOWS (c32f97dcb553a950382a7e4ea4ca6132)] -&gt; xpath: //span[text()=&apos;LOG IN&apos;]] (tried for 20 second(s) with 500 milliseconds interval)
Build info: version: &apos;3.141.59&apos;, revision: &apos;e82be7d358&apos;, time: &apos;2018-11-14T08:17:03&apos;
System info: host: &apos;DEL1-LHP-N01850&apos;, ip: &apos;192.168.1.7&apos;, os.name: &apos;Windows 10&apos;, os.arch: &apos;amd64&apos;, os.version: &apos;10.0&apos;, java.version: &apos;1.8.0_201&apos;
Driver info: org.openqa.selenium.support.events.EventFiringWebDriver
Capabilities {acceptInsecureCerts: false, browserName: chrome, browserVersion: 84.0.4147.105, chrome: {chromedriverVersion: 83.0.4103.14 (be04594a2b841..., userDataDir: C:\Users\AJAY~1.THA\AppData...}, goog:chromeOptions: {debuggerAddress: localhost:65006}, javascriptEnabled: true, networkConnectionEnabled: false, pageLoadStrategy: normal, platform: WINDOWS, platformName: WINDOWS, proxy: Proxy(), setWindowRect: true, strictFileInteractability: false, timeouts: {implicit: 0, pageLoad: 300000, script: 30000}, unhandledPromptBehavior: dismiss and notify, webauthn:virtualAuthenticators: true}
Session ID: c32f97dcb553a950382a7e4ea4ca6132" type="org.openqa.selenium.TimeoutException">org.openqa.selenium.TimeoutException: Expected condition failed: waiting for invisibility of [[ChromeDriver: chrome on WINDOWS (c32f97dcb553a950382a7e4ea4ca6132)] -&gt; xpath: //span[text()=&apos;LOG IN&apos;]] (tried for 20 second(s) with 500 milliseconds interval)
Build info: version: &apos;3.141.59&apos;, revision: &apos;e82be7d358&apos;, time: &apos;2018-11-14T08:17:03&apos;
System info: host: &apos;DEL1-LHP-N01850&apos;, ip: &apos;192.168.1.7&apos;, os.name: &apos;Windows 10&apos;, os.arch: &apos;amd64&apos;, os.version: &apos;10.0&apos;, java.version: &apos;1.8.0_201&apos;
Driver info: org.openqa.selenium.support.events.EventFiringWebDriver
Capabilities {acceptInsecureCerts: false, browserName: chrome, browserVersion: 84.0.4147.105, chrome: {chromedriverVersion: 83.0.4103.14 (be04594a2b841..., userDataDir: C:\Users\AJAY~1.THA\AppData...}, goog:chromeOptions: {debuggerAddress: localhost:65006}, javascriptEnabled: true, networkConnectionEnabled: false, pageLoadStrategy: normal, platform: WINDOWS, platformName: WINDOWS, proxy: Proxy(), setWindowRect: true, strictFileInteractability: false, timeouts: {implicit: 0, pageLoad: 300000, script: 30000}, unhandledPromptBehavior: dismiss and notify, webauthn:virtualAuthenticators: true}
Session ID: c32f97dcb553a950382a7e4ea4ca6132
	at org.openqa.selenium.support.ui.WebDriverWait.timeoutException(WebDriverWait.java:95)
	at org.openqa.selenium.support.ui.FluentWait.until(FluentWait.java:272)
	at com.proofhub.pages.PasswordPage.validateLoginButton(PasswordPage.java:30)
	at com.proofhub.testcases.PasswordPageTest.verifyLoginButtonOnPasswordPageTest(PasswordPageTest.java:31)
</failure>
    <system-out>Before navigating to: &apos;https://todo15.proofhub.com&apos;
Navigated to:&apos;https://todo15.proofhub.com&apos;
Trying to find Element By : By.xpath: //input[@name=&apos;userNameEmail&apos;]
Found Element By : By.xpath: //input[@name=&apos;userNameEmail&apos;]
Trying to find Element By : By.xpath: //span[text()=&apos;NEXT&apos;]
Found Element By : By.xpath: //span[text()=&apos;NEXT&apos;]
Trying to click on: [[ChromeDriver: chrome on WINDOWS (c32f97dcb553a950382a7e4ea4ca6132)] -&gt; xpath: //span[text()=&apos;NEXT&apos;]]
Clicked on: [[ChromeDriver: chrome on WINDOWS (c32f97dcb553a950382a7e4ea4ca6132)] -&gt; xpath: //span[text()=&apos;NEXT&apos;]]
Trying to find Element By : By.xpath: //span[text()=&apos;LOG IN&apos;]
Found Element By : By.xpath: //span[text()=&apos;LOG IN&apos;]
Trying to find Element By : By.xpath: //span[text()=&apos;LOG IN&apos;]
Found Element By : By.xpath: //span[text()=&apos;LOG IN&apos;]
Trying to find Element By : By.xpath: //span[text()=&apos;LOG IN&apos;]
Found Element By : By.xpath: //span[text()=&apos;LOG IN&apos;]
Trying to find Element By : By.xpath: //span[text()=&apos;LOG IN&apos;]
Found Element By : By.xpath: //span[text()=&apos;LOG IN&apos;]
Trying to find Element By : By.xpath: //span[text()=&apos;LOG IN&apos;]
Found Element By : By.xpath: //span[text()=&apos;LOG IN&apos;]
Trying to find Element By : By.xpath: //span[text()=&apos;LOG IN&apos;]
Found Element By : By.xpath: //span[text()=&apos;LOG IN&apos;]
Trying to find Element By : By.xpath: //span[text()=&apos;LOG IN&apos;]
Found Element By : By.xpath: //span[text()=&apos;LOG IN&apos;]
Trying to find Element By : By.xpath: //span[text()=&apos;LOG IN&apos;]
Found Element By : By.xpath: //span[text()=&apos;LOG IN&apos;]
Trying to find Element By : By.xpath: //span[text()=&apos;LOG IN&apos;]
Found Element By : By.xpath: //span[text()=&apos;LOG IN&apos;]
Trying to find Element By : By.xpath: //span[text()=&apos;LOG IN&apos;]
Found Element By : By.xpath: //span[text()=&apos;LOG IN&apos;]
Trying to find Element By : By.xpath: //span[text()=&apos;LOG IN&apos;]
Found Element By : By.xpath: //span[text()=&apos;LOG IN&apos;]
Trying to find Element By : By.xpath: //span[text()=&apos;LOG IN&apos;]
Found Element By : By.xpath: //span[text()=&apos;LOG IN&apos;]
Trying to find Element By : By.xpath: //span[text()=&apos;LOG IN&apos;]
Found Element By : By.xpath: //span[text()=&apos;LOG IN&apos;]
Trying to find Element By : By.xpath: //span[text()=&apos;LOG IN&apos;]
Found Element By : By.xpath: //span[text()=&apos;LOG IN&apos;]
Trying to find Element By : By.xpath: //span[text()=&apos;LOG IN&apos;]
Found Element By : By.xpath: //span[text()=&apos;LOG IN&apos;]
Trying to find Element By : By.xpath: //span[text()=&apos;LOG IN&apos;]
Found Element By : By.xpath: //span[text()=&apos;LOG IN&apos;]
Trying to find Element By : By.xpath: //span[text()=&apos;LOG IN&apos;]
Found Element By : By.xpath: //span[text()=&apos;LOG IN&apos;]
Trying to find Element By : By.xpath: //span[text()=&apos;LOG IN&apos;]
Found Element By : By.xpath: //span[text()=&apos;LOG IN&apos;]
Trying to find Element By : By.xpath: //span[text()=&apos;LOG IN&apos;]
Found Element By : By.xpath: //span[text()=&apos;LOG IN&apos;]
Trying to find Element By : By.xpath: //span[text()=&apos;LOG IN&apos;]
Found Element By : By.xpath: //span[text()=&apos;LOG IN&apos;]
Trying to find Element By : By.xpath: //span[text()=&apos;LOG IN&apos;]
Found Element By : By.xpath: //span[text()=&apos;LOG IN&apos;]
Trying to find Element By : By.xpath: //span[text()=&apos;LOG IN&apos;]
Found Element By : By.xpath: //span[text()=&apos;LOG IN&apos;]
Trying to find Element By : By.xpath: //span[text()=&apos;LOG IN&apos;]
Found Element By : By.xpath: //span[text()=&apos;LOG IN&apos;]
Trying to find Element By : By.xpath: //span[text()=&apos;LOG IN&apos;]
Found Element By : By.xpath: //span[text()=&apos;LOG IN&apos;]
Trying to find Element By : By.xpath: //span[text()=&apos;LOG IN&apos;]
Found Element By : By.xpath: //span[text()=&apos;LOG IN&apos;]
</system-out>
    <system-err>Starting ChromeDriver 83.0.4103.14 (be04594a2b8411758b860104bc0a1033417178be-refs/branch-heads/4103@{#119}) on port 15686
Only local connections are allowed.
Please see https://chromedriver.chromium.org/security-considerations for suggestions on keeping ChromeDriver safe.
ChromeDriver was started successfully.
[1597806071.057][WARNING]: This version of ChromeDriver has not been tested with Chrome version 84.
Aug 19, 2020 8:31:16 AM org.openqa.selenium.remote.ProtocolHandshake createSession
INFO: Detected dialect: W3C
</system-err>
  </testcase>
  <testcase classname="com.proofhub.testcases.PasswordPageTest" name="verifyBackToLoginLinkTest" time="21.037">
    <failure message="Expected condition failed: waiting for invisibility of [[ChromeDriver: chrome on WINDOWS (1cfac2d4d8571cc24bd5de3a4149fcc9)] -&gt; link text: Back to login] (tried for 20 second(s) with 500 milliseconds interval)
Build info: version: &apos;3.141.59&apos;, revision: &apos;e82be7d358&apos;, time: &apos;2018-11-14T08:17:03&apos;
System info: host: &apos;DEL1-LHP-N01850&apos;, ip: &apos;192.168.1.7&apos;, os.name: &apos;Windows 10&apos;, os.arch: &apos;amd64&apos;, os.version: &apos;10.0&apos;, java.version: &apos;1.8.0_201&apos;
Driver info: org.openqa.selenium.support.events.EventFiringWebDriver
Capabilities {acceptInsecureCerts: false, browserName: chrome, browserVersion: 84.0.4147.105, chrome: {chromedriverVersion: 83.0.4103.14 (be04594a2b841..., userDataDir: C:\Users\AJAY~1.THA\AppData...}, goog:chromeOptions: {debuggerAddress: localhost:65069}, javascriptEnabled: true, networkConnectionEnabled: false, pageLoadStrategy: normal, platform: WINDOWS, platformName: WINDOWS, proxy: Proxy(), setWindowRect: true, strictFileInteractability: false, timeouts: {implicit: 0, pageLoad: 300000, script: 30000}, unhandledPromptBehavior: dismiss and notify, webauthn:virtualAuthenticators: true}
Session ID: 1cfac2d4d8571cc24bd5de3a4149fcc9" type="org.openqa.selenium.TimeoutException">org.openqa.selenium.TimeoutException: Expected condition failed: waiting for invisibility of [[ChromeDriver: chrome on WINDOWS (1cfac2d4d8571cc24bd5de3a4149fcc9)] -&gt; link text: Back to login] (tried for 20 second(s) with 500 milliseconds interval)
Build info: version: &apos;3.141.59&apos;, revision: &apos;e82be7d358&apos;, time: &apos;2018-11-14T08:17:03&apos;
System info: host: &apos;DEL1-LHP-N01850&apos;, ip: &apos;192.168.1.7&apos;, os.name: &apos;Windows 10&apos;, os.arch: &apos;amd64&apos;, os.version: &apos;10.0&apos;, java.version: &apos;1.8.0_201&apos;
Driver info: org.openqa.selenium.support.events.EventFiringWebDriver
Capabilities {acceptInsecureCerts: false, browserName: chrome, browserVersion: 84.0.4147.105, chrome: {chromedriverVersion: 83.0.4103.14 (be04594a2b841..., userDataDir: C:\Users\AJAY~1.THA\AppData...}, goog:chromeOptions: {debuggerAddress: localhost:65069}, javascriptEnabled: true, networkConnectionEnabled: false, pageLoadStrategy: normal, platform: WINDOWS, platformName: WINDOWS, proxy: Proxy(), setWindowRect: true, strictFileInteractability: false, timeouts: {implicit: 0, pageLoad: 300000, script: 30000}, unhandledPromptBehavior: dismiss and notify, webauthn:virtualAuthenticators: true}
Session ID: 1cfac2d4d8571cc24bd5de3a4149fcc9
	at org.openqa.selenium.support.ui.WebDriverWait.timeoutException(WebDriverWait.java:95)
	at org.openqa.selenium.support.ui.FluentWait.until(FluentWait.java:272)
	at com.proofhub.pages.PasswordPage.validateBackToLoginLink(PasswordPage.java:35)
	at com.proofhub.testcases.PasswordPageTest.verifyBackToLoginLinkTest(PasswordPageTest.java:36)
</failure>
    <system-out>Before navigating to: &apos;https://todo15.proofhub.com&apos;
Navigated to:&apos;https://todo15.proofhub.com&apos;
Trying to find Element By : By.xpath: //input[@name=&apos;userNameEmail&apos;]
Found Element By : By.xpath: //input[@name=&apos;userNameEmail&apos;]
Trying to find Element By : By.xpath: //span[text()=&apos;NEXT&apos;]
Found Element By : By.xpath: //span[text()=&apos;NEXT&apos;]
Trying to click on: [[ChromeDriver: chrome on WINDOWS (1cfac2d4d8571cc24bd5de3a4149fcc9)] -&gt; xpath: //span[text()=&apos;NEXT&apos;]]
Clicked on: [[ChromeDriver: chrome on WINDOWS (1cfac2d4d8571cc24bd5de3a4149fcc9)] -&gt; xpath: //span[text()=&apos;NEXT&apos;]]
Trying to find Element By : By.linkText: Back to login
Found Element By : By.linkText: Back to login
Trying to find Element By : By.linkText: Back to login
Found Element By : By.linkText: Back to login
Trying to find Element By : By.linkText: Back to login
Found Element By : By.linkText: Back to login
Trying to find Element By : By.linkText: Back to login
Found Element By : By.linkText: Back to login
Trying to find Element By : By.linkText: Back to login
Found Element By : By.linkText: Back to login
Trying to find Element By : By.linkText: Back to login
Found Element By : By.linkText: Back to login
Trying to find Element By : By.linkText: Back to login
Found Element By : By.linkText: Back to login
Trying to find Element By : By.linkText: Back to login
Found Element By : By.linkText: Back to login
Trying to find Element By : By.linkText: Back to login
Found Element By : By.linkText: Back to login
Trying to find Element By : By.linkText: Back to login
Found Element By : By.linkText: Back to login
Trying to find Element By : By.linkText: Back to login
Found Element By : By.linkText: Back to login
Trying to find Element By : By.linkText: Back to login
Found Element By : By.linkText: Back to login
Trying to find Element By : By.linkText: Back to login
Found Element By : By.linkText: Back to login
Trying to find Element By : By.linkText: Back to login
Found Element By : By.linkText: Back to login
Trying to find Element By : By.linkText: Back to login
Found Element By : By.linkText: Back to login
Trying to find Element By : By.linkText: Back to login
Found Element By : By.linkText: Back to login
Trying to find Element By : By.linkText: Back to login
Found Element By : By.linkText: Back to login
Trying to find Element By : By.linkText: Back to login
Found Element By : By.linkText: Back to login
Trying to find Element By : By.linkText: Back to login
Found Element By : By.linkText: Back to login
Trying to find Element By : By.linkText: Back to login
Found Element By : By.linkText: Back to login
Trying to find Element By : By.linkText: Back to login
Found Element By : By.linkText: Back to login
Trying to find Element By : By.linkText: Back to login
Found Element By : By.linkText: Back to login
Trying to find Element By : By.linkText: Back to login
Found Element By : By.linkText: Back to login
Trying to find Element By : By.linkText: Back to login
Found Element By : By.linkText: Back to login
</system-out>
    <system-err>Starting ChromeDriver 83.0.4103.14 (be04594a2b8411758b860104bc0a1033417178be-refs/branch-heads/4103@{#119}) on port 10562
Only local connections are allowed.
Please see https://chromedriver.chromium.org/security-considerations for suggestions on keeping ChromeDriver safe.
ChromeDriver was started successfully.
[1597806116.077][WARNING]: This version of ChromeDriver has not been tested with Chrome version 84.
Aug 19, 2020 8:32:01 AM org.openqa.selenium.remote.ProtocolHandshake createSession
INFO: Detected dialect: W3C
</system-err>
  </testcase>
  <testcase classname="com.proofhub.testcases.PasswordPageTest" name="login" time="1.136"/>
  <testcase classname="com.proofhub.testcases.ProjectAddTest" name="validateAddProjectScreenOpenedTest" time="5.742"/>
  <testcase classname="com.proofhub.testcases.ProjectAddTest" name="addProjectWithMandatoryFieldsTest" time="17.961"/>
  <testcase classname="com.proofhub.testcases.ProjectAddTest" name="addProjectWithMandatoryFieldsTest" time="17.853"/>
  <testcase classname="com.proofhub.testcases.ProjectAddTest" name="addProjectWithMandatoryFieldsTest" time="17.251"/>
  <testcase classname="com.proofhub.testcases.ProjectsAssignedToMeTest" name="validateAssignedToMePageLoadedTest" time="4.262"/>
  <testcase classname="com.proofhub.testcases.Test1" name="userNamePageUIElementsTest" time="25.591">
    <failure type="java.lang.NullPointerException">java.lang.NullPointerException
	at com.proofhub.testcases.Test1.userNamePageUIElementsTest(Test1.java:29)
</failure>
    <system-out>Before navigating to: &apos;https://todo15.proofhub.com&apos;
Navigated to:&apos;https://todo15.proofhub.com&apos;
</system-out>
    <system-err>Starting ChromeDriver 83.0.4103.14 (be04594a2b8411758b860104bc0a1033417178be-refs/branch-heads/4103@{#119}) on port 13830
Only local connections are allowed.
Please see https://chromedriver.chromium.org/security-considerations for suggestions on keeping ChromeDriver safe.
ChromeDriver was started successfully.
[1597806380.168][WARNING]: This version of ChromeDriver has not been tested with Chrome version 84.
Aug 19, 2020 8:36:25 AM org.openqa.selenium.remote.ProtocolHandshake createSession
INFO: Detected dialect: W3C
</system-err>
  </testcase>
  <testcase classname="com.proofhub.testcases.UsernamePageTest" name="usernamePageTitleTest" time="0.022">
    <failure message="expected [todo12] but found [ProofHub]" type="java.lang.AssertionError">java.lang.AssertionError: expected [todo12] but found [ProofHub]
	at org.testng.Assert.fail(Assert.java:97)
	at org.testng.Assert.assertEqualsImpl(Assert.java:136)
	at org.testng.Assert.assertEquals(Assert.java:118)
	at org.testng.Assert.assertEquals(Assert.java:575)
	at org.testng.Assert.assertEquals(Assert.java:585)
	at com.proofhub.testcases.UsernamePageTest.usernamePageTitleTest(UsernamePageTest.java:33)
</failure>
    <system-out>Before navigating to: &apos;https://todo15.proofhub.com&apos;
Navigated to:&apos;https://todo15.proofhub.com&apos;
</system-out>
    <system-err>Starting ChromeDriver 83.0.4103.14 (be04594a2b8411758b860104bc0a1033417178be-refs/branch-heads/4103@{#119}) on port 29849
Only local connections are allowed.
Please see https://chromedriver.chromium.org/security-considerations for suggestions on keeping ChromeDriver safe.
ChromeDriver was started successfully.
[1597806406.780][WARNING]: This version of ChromeDriver has not been tested with Chrome version 84.
Aug 19, 2020 8:36:52 AM org.openqa.selenium.remote.ProtocolHandshake createSession
INFO: Detected dialect: W3C
</system-err>
  </testcase>
  <testcase classname="com.proofhub.testcases.UsernamePageTest" name="uiElementsTest" time="2.73"/>
  <testcase classname="com.proofhub.testcases.UsernamePageTest" name="usernamePage" time="1.501">
    <failure message="Keys to send should be a not null CharSequence" type="java.lang.IllegalArgumentException">java.lang.IllegalArgumentException: Keys to send should be a not null CharSequence
	at org.openqa.selenium.remote.RemoteWebElement.sendKeys(RemoteWebElement.java:97)
	at sun.reflect.GeneratedMethodAccessor10.invoke(Unknown Source)
	at sun.reflect.DelegatingMethodAccessorImpl.invoke(DelegatingMethodAccessorImpl.java:43)
	at java.lang.reflect.Method.invoke(Method.java:498)
	at org.openqa.selenium.support.events.EventFiringWebDriver$EventFiringWebElement.lambda$new$0(EventFiringWebDriver.java:404)
	at com.sun.proxy.$Proxy11.sendKeys(Unknown Source)
	at org.openqa.selenium.support.events.EventFiringWebDriver$EventFiringWebElement.sendKeys(EventFiringWebDriver.java:429)
	at sun.reflect.GeneratedMethodAccessor10.invoke(Unknown Source)
	at sun.reflect.DelegatingMethodAccessorImpl.invoke(DelegatingMethodAccessorImpl.java:43)
	at java.lang.reflect.Method.invoke(Method.java:498)
	at org.openqa.selenium.support.pagefactory.internal.LocatingElementHandler.invoke(LocatingElementHandler.java:51)
	at com.sun.proxy.$Proxy8.sendKeys(Unknown Source)
	at com.proofhub.pages.UsernamePage.enterUsername(UsernamePage.java:59)
	at com.proofhub.testcases.UsernamePageTest.usernamePage(UsernamePageTest.java:48)
</failure>
    <system-out>Before navigating to: &apos;https://todo15.proofhub.com&apos;
Navigated to:&apos;https://todo15.proofhub.com&apos;
Trying to find Element By : By.xpath: //input[@name=&apos;userNameEmail&apos;]
Found Element By : By.xpath: //input[@name=&apos;userNameEmail&apos;]
Exception occured: java.lang.IllegalArgumentException: Keys to send should be a not null CharSequence
</system-out>
    <system-err>Starting ChromeDriver 83.0.4103.14 (be04594a2b8411758b860104bc0a1033417178be-refs/branch-heads/4103@{#119}) on port 13064
Only local connections are allowed.
Please see https://chromedriver.chromium.org/security-considerations for suggestions on keeping ChromeDriver safe.
ChromeDriver was started successfully.
[1597806448.166][WARNING]: This version of ChromeDriver has not been tested with Chrome version 84.
Aug 19, 2020 8:37:33 AM org.openqa.selenium.remote.ProtocolHandshake createSession
INFO: Detected dialect: W3C
</system-err>
  </testcase>
</testsuite>